
Summary:
  Total:	0.0596 secs
  Slowest:	0.0027 secs
  Fastest:	0.0001 secs
  Average:	0.0003 secs
  Requests/sec:	16766.8733
  
  Total data:	56000 bytes
  Size/request:	56 bytes

Response time histogram:
  0.000 [1]	|
  0.000 [900]	|■■■■■■■■■■■■■■■■■■■■■■■■■■■■■■■■■■■■■■■■
  0.001 [64]	|■■■
  0.001 [12]	|■
  0.001 [10]	|
  0.001 [8]	|
  0.002 [2]	|
  0.002 [1]	|
  0.002 [1]	|
  0.002 [0]	|
  0.003 [1]	|


Latency distribution:
  10% in 0.0002 secs
  25% in 0.0002 secs
  50% in 0.0002 secs
  75% in 0.0003 secs
  90% in 0.0004 secs
  95% in 0.0006 secs
  99% in 0.0012 secs

Details (average, fastest, slowest):
  DNS+dialup:	0.0000 secs, 0.0001 secs, 0.0027 secs
  DNS-lookup:	0.0000 secs, 0.0000 secs, 0.0004 secs
  req write:	0.0000 secs, 0.0000 secs, 0.0005 secs
  resp wait:	0.0002 secs, 0.0001 secs, 0.0027 secs
  resp read:	0.0000 secs, 0.0000 secs, 0.0011 secs

Status code distribution:
  [200]	1000 responses



