
Summary:
  Total:	0.0569 secs
  Slowest:	0.0030 secs
  Fastest:	0.0001 secs
  Average:	0.0003 secs
  Requests/sec:	17583.3723
  
  Total data:	39000 bytes
  Size/request:	39 bytes

Response time histogram:
  0.000 [1]	|
  0.000 [914]	|■■■■■■■■■■■■■■■■■■■■■■■■■■■■■■■■■■■■■■■■
  0.001 [46]	|■■
  0.001 [21]	|■
  0.001 [7]	|
  0.002 [1]	|
  0.002 [4]	|
  0.002 [1]	|
  0.002 [1]	|
  0.003 [3]	|
  0.003 [1]	|


Latency distribution:
  10% in 0.0002 secs
  25% in 0.0002 secs
  50% in 0.0002 secs
  75% in 0.0003 secs
  90% in 0.0004 secs
  95% in 0.0006 secs
  99% in 0.0016 secs

Details (average, fastest, slowest):
  DNS+dialup:	0.0000 secs, 0.0001 secs, 0.0030 secs
  DNS-lookup:	0.0000 secs, 0.0000 secs, 0.0003 secs
  req write:	0.0000 secs, 0.0000 secs, 0.0001 secs
  resp wait:	0.0002 secs, 0.0001 secs, 0.0030 secs
  resp read:	0.0000 secs, 0.0000 secs, 0.0003 secs

Status code distribution:
  [200]	1000 responses



