
Summary:
  Total:	0.0208 secs
  Slowest:	0.0009 secs
  Fastest:	0.0000 secs
  Average:	0.0001 secs
  Requests/sec:	48076.7335
  
  Total data:	2000 bytes
  Size/request:	2 bytes

Response time histogram:
  0.000 [1]	|
  0.000 [875]	|■■■■■■■■■■■■■■■■■■■■■■■■■■■■■■■■■■■■■■■■
  0.000 [93]	|■■■■
  0.000 [12]	|■
  0.000 [4]	|
  0.000 [1]	|
  0.001 [2]	|
  0.001 [4]	|
  0.001 [3]	|
  0.001 [4]	|
  0.001 [1]	|


Latency distribution:
  10% in 0.0001 secs
  25% in 0.0001 secs
  50% in 0.0001 secs
  75% in 0.0001 secs
  90% in 0.0001 secs
  95% in 0.0002 secs
  99% in 0.0006 secs

Details (average, fastest, slowest):
  DNS+dialup:	0.0000 secs, 0.0000 secs, 0.0009 secs
  DNS-lookup:	0.0000 secs, 0.0000 secs, 0.0004 secs
  req write:	0.0000 secs, 0.0000 secs, 0.0003 secs
  resp wait:	0.0001 secs, 0.0000 secs, 0.0009 secs
  resp read:	0.0000 secs, 0.0000 secs, 0.0005 secs

Status code distribution:
  [200]	1000 responses




Summary:
  Total:	0.0552 secs
  Slowest:	0.0090 secs
  Fastest:	0.0000 secs
  Average:	0.0003 secs
  Requests/sec:	18131.5687
  
  Total data:	2000 bytes
  Size/request:	2 bytes

Response time histogram:
  0.000 [1]	|
  0.001 [952]	|■■■■■■■■■■■■■■■■■■■■■■■■■■■■■■■■■■■■■■■■
  0.002 [26]	|■
  0.003 [7]	|
  0.004 [3]	|
  0.005 [9]	|
  0.005 [0]	|
  0.006 [0]	|
  0.007 [0]	|
  0.008 [0]	|
  0.009 [2]	|


Latency distribution:
  10% in 0.0001 secs
  25% in 0.0001 secs
  50% in 0.0001 secs
  75% in 0.0002 secs
  90% in 0.0005 secs
  95% in 0.0008 secs
  99% in 0.0038 secs

Details (average, fastest, slowest):
  DNS+dialup:	0.0000 secs, 0.0000 secs, 0.0090 secs
  DNS-lookup:	0.0000 secs, 0.0000 secs, 0.0009 secs
  req write:	0.0000 secs, 0.0000 secs, 0.0008 secs
  resp wait:	0.0002 secs, 0.0000 secs, 0.0089 secs
  resp read:	0.0000 secs, 0.0000 secs, 0.0009 secs

Status code distribution:
  [200]	1000 responses



