
Summary:
  Total:	9.5036 secs
  Slowest:	0.5048 secs
  Fastest:	0.0239 secs
  Average:	0.0474 secs
  Requests/sec:	105.2238
  
  Total data:	39000 bytes
  Size/request:	39 bytes

Response time histogram:
  0.024 [1]	|
  0.072 [954]	|■■■■■■■■■■■■■■■■■■■■■■■■■■■■■■■■■■■■■■■■
  0.120 [0]	|
  0.168 [0]	|
  0.216 [0]	|
  0.264 [0]	|
  0.312 [0]	|
  0.361 [0]	|
  0.409 [0]	|
  0.457 [3]	|
  0.505 [42]	|■■


Latency distribution:
  10% in 0.0251 secs
  25% in 0.0256 secs
  50% in 0.0265 secs
  75% in 0.0283 secs
  90% in 0.0309 secs
  95% in 0.0346 secs
  99% in 0.4906 secs

Details (average, fastest, slowest):
  DNS+dialup:	0.0000 secs, 0.0239 secs, 0.5048 secs
  DNS-lookup:	0.0000 secs, 0.0000 secs, 0.0013 secs
  req write:	0.0000 secs, 0.0000 secs, 0.0003 secs
  resp wait:	0.0472 secs, 0.0238 secs, 0.5047 secs
  resp read:	0.0001 secs, 0.0000 secs, 0.0011 secs

Status code distribution:
  [200]	1000 responses



