
Summary:
  Total:	0.0492 secs
  Slowest:	0.0034 secs
  Fastest:	0.0000 secs
  Average:	0.0002 secs
  Requests/sec:	20312.6631
  
  Total data:	2000 bytes
  Size/request:	2 bytes

Response time histogram:
  0.000 [1]	|
  0.000 [894]	|■■■■■■■■■■■■■■■■■■■■■■■■■■■■■■■■■■■■■■■■
  0.001 [52]	|■■
  0.001 [14]	|■
  0.001 [12]	|■
  0.002 [6]	|
  0.002 [2]	|
  0.002 [2]	|
  0.003 [7]	|
  0.003 [4]	|
  0.003 [6]	|


Latency distribution:
  10% in 0.0001 secs
  25% in 0.0001 secs
  50% in 0.0001 secs
  75% in 0.0002 secs
  90% in 0.0004 secs
  95% in 0.0008 secs
  99% in 0.0029 secs

Details (average, fastest, slowest):
  DNS+dialup:	0.0000 secs, 0.0000 secs, 0.0034 secs
  DNS-lookup:	0.0000 secs, 0.0000 secs, 0.0008 secs
  req write:	0.0000 secs, 0.0000 secs, 0.0007 secs
  resp wait:	0.0002 secs, 0.0000 secs, 0.0033 secs
  resp read:	0.0000 secs, 0.0000 secs, 0.0014 secs

Status code distribution:
  [200]	1000 responses



