
Summary:
  Total:	9.9111 secs
  Slowest:	0.4512 secs
  Fastest:	0.0271 secs
  Average:	0.0479 secs
  Requests/sec:	100.8969
  
  Total data:	56000 bytes
  Size/request:	56 bytes

Response time histogram:
  0.027 [1]	|
  0.070 [953]	|■■■■■■■■■■■■■■■■■■■■■■■■■■■■■■■■■■■■■■■■
  0.112 [0]	|
  0.154 [0]	|
  0.197 [0]	|
  0.239 [0]	|
  0.282 [0]	|
  0.324 [0]	|
  0.366 [5]	|
  0.409 [6]	|
  0.451 [35]	|■


Latency distribution:
  10% in 0.0283 secs
  25% in 0.0287 secs
  50% in 0.0295 secs
  75% in 0.0313 secs
  90% in 0.0340 secs
  95% in 0.0436 secs
  99% in 0.4357 secs

Details (average, fastest, slowest):
  DNS+dialup:	0.0000 secs, 0.0271 secs, 0.4512 secs
  DNS-lookup:	0.0000 secs, 0.0000 secs, 0.0013 secs
  req write:	0.0000 secs, 0.0000 secs, 0.0003 secs
  resp wait:	0.0477 secs, 0.0271 secs, 0.4511 secs
  resp read:	0.0001 secs, 0.0000 secs, 0.0005 secs

Status code distribution:
  [200]	1000 responses



