
Summary:
  Total:	0.0438 secs
  Slowest:	0.0052 secs
  Fastest:	0.0000 secs
  Average:	0.0002 secs
  Requests/sec:	22846.2879
  
  Total data:	2000 bytes
  Size/request:	2 bytes

Response time histogram:
  0.000 [1]	|
  0.001 [962]	|■■■■■■■■■■■■■■■■■■■■■■■■■■■■■■■■■■■■■■■■
  0.001 [22]	|■
  0.002 [0]	|
  0.002 [0]	|
  0.003 [0]	|
  0.003 [4]	|
  0.004 [3]	|
  0.004 [3]	|
  0.005 [0]	|
  0.005 [5]	|


Latency distribution:
  10% in 0.0001 secs
  25% in 0.0001 secs
  50% in 0.0001 secs
  75% in 0.0002 secs
  90% in 0.0003 secs
  95% in 0.0004 secs
  99% in 0.0034 secs

Details (average, fastest, slowest):
  DNS+dialup:	0.0000 secs, 0.0000 secs, 0.0052 secs
  DNS-lookup:	0.0000 secs, 0.0000 secs, 0.0009 secs
  req write:	0.0000 secs, 0.0000 secs, 0.0007 secs
  resp wait:	0.0002 secs, 0.0000 secs, 0.0051 secs
  resp read:	0.0000 secs, 0.0000 secs, 0.0004 secs

Status code distribution:
  [200]	1000 responses



