
Summary:
  Total:	0.0349 secs
  Slowest:	0.0081 secs
  Fastest:	0.0000 secs
  Average:	0.0002 secs
  Requests/sec:	28674.2051
  
  Total data:	2000 bytes
  Size/request:	2 bytes

Response time histogram:
  0.000 [1]	|
  0.001 [981]	|■■■■■■■■■■■■■■■■■■■■■■■■■■■■■■■■■■■■■■■■
  0.002 [12]	|
  0.002 [1]	|
  0.003 [0]	|
  0.004 [0]	|
  0.005 [0]	|
  0.006 [0]	|
  0.007 [0]	|
  0.007 [0]	|
  0.008 [5]	|


Latency distribution:
  10% in 0.0001 secs
  25% in 0.0001 secs
  50% in 0.0001 secs
  75% in 0.0001 secs
  90% in 0.0002 secs
  95% in 0.0003 secs
  99% in 0.0012 secs

Details (average, fastest, slowest):
  DNS+dialup:	0.0000 secs, 0.0000 secs, 0.0081 secs
  DNS-lookup:	0.0000 secs, 0.0000 secs, 0.0003 secs
  req write:	0.0000 secs, 0.0000 secs, 0.0004 secs
  resp wait:	0.0001 secs, 0.0000 secs, 0.0081 secs
  resp read:	0.0000 secs, 0.0000 secs, 0.0004 secs

Status code distribution:
  [200]	1000 responses



