
Summary:
  Total:	0.0556 secs
  Slowest:	0.0052 secs
  Fastest:	0.0001 secs
  Average:	0.0003 secs
  Requests/sec:	18001.7363
  
  Total data:	58000 bytes
  Size/request:	58 bytes

Response time histogram:
  0.000 [1]	|
  0.001 [965]	|■■■■■■■■■■■■■■■■■■■■■■■■■■■■■■■■■■■■■■■■
  0.001 [11]	|
  0.002 [11]	|
  0.002 [6]	|
  0.003 [5]	|
  0.003 [0]	|
  0.004 [0]	|
  0.004 [0]	|
  0.005 [0]	|
  0.005 [1]	|


Latency distribution:
  10% in 0.0001 secs
  25% in 0.0002 secs
  50% in 0.0002 secs
  75% in 0.0003 secs
  90% in 0.0003 secs
  95% in 0.0005 secs
  99% in 0.0020 secs

Details (average, fastest, slowest):
  DNS+dialup:	0.0000 secs, 0.0001 secs, 0.0052 secs
  DNS-lookup:	0.0000 secs, 0.0000 secs, 0.0004 secs
  req write:	0.0000 secs, 0.0000 secs, 0.0004 secs
  resp wait:	0.0002 secs, 0.0001 secs, 0.0052 secs
  resp read:	0.0000 secs, 0.0000 secs, 0.0003 secs

Status code distribution:
  [200]	1000 responses



