
Summary:
  Total:	0.0216 secs
  Slowest:	0.0007 secs
  Fastest:	0.0000 secs
  Average:	0.0001 secs
  Requests/sec:	46202.4604
  
  Total data:	27000 bytes
  Size/request:	27 bytes

Response time histogram:
  0.000 [1]	|
  0.000 [746]	|■■■■■■■■■■■■■■■■■■■■■■■■■■■■■■■■■■■■■■■■
  0.000 [198]	|■■■■■■■■■■■
  0.000 [28]	|■■
  0.000 [5]	|
  0.000 [1]	|
  0.000 [0]	|
  0.001 [3]	|
  0.001 [5]	|
  0.001 [7]	|
  0.001 [6]	|


Latency distribution:
  10% in 0.0001 secs
  25% in 0.0001 secs
  50% in 0.0001 secs
  75% in 0.0001 secs
  90% in 0.0002 secs
  95% in 0.0002 secs
  99% in 0.0006 secs

Details (average, fastest, slowest):
  DNS+dialup:	0.0000 secs, 0.0000 secs, 0.0007 secs
  DNS-lookup:	0.0000 secs, 0.0000 secs, 0.0004 secs
  req write:	0.0000 secs, 0.0000 secs, 0.0004 secs
  resp wait:	0.0001 secs, 0.0000 secs, 0.0007 secs
  resp read:	0.0000 secs, 0.0000 secs, 0.0006 secs

Status code distribution:
  [200]	1000 responses



